# JRE version: OpenJDK Runtime Environment Temurin-17.0.11+9 (17.0.11+9) (build 17.0.11+9)
# Java VM: OpenJDK 64-Bit Server VM Temurin-17.0.11+9 (17.0.11+9, mixed mode, emulated-client, tiered, compressed oops, compressed class ptrs, g1 gc, windows-amd64)
GC Precious Log:
 CPUs: 4 total, 4 available
 Memory: 3996M
 Large Page Support: Disabled
 NUMA Support: Disabled
 Compressed Oops: Enabled (32-bit)
 Heap Region Size: 1M
 Heap Min Capacity: 8M
 Heap Initial Capacity: 64M
 Heap Max Capacity: 1G
 Pre-touch: Disabled
 Parallel Workers: 4
 Concurrent Workers: 1
 Concurrent Refinement Workers: 4
 Periodic GC: Disabled
Heap:
 garbage-first heap   total 89088K, used 24832K [0x00000000c0000000, 0x0000000100000000)
  region size 1024K, 1 young (1024K), 0 survivors (0K)
 Metaspace       used 39300K, committed 39936K, reserved 1114112K
  class space    used 5195K, committed 5440K, reserved 1048576K
GC Heap History (20 events):
Event: 2641.582 GC heap before
{Heap before GC invocations=261 (full 249):
 garbage-first heap   total 89088K, used 24840K [0x00000000c0000000, 0x0000000100000000)
  region size 1024K, 1 young (1024K), 0 survivors (0K)
 Metaspace       used 39300K, committed 39936K, reserved 1114112K
  class space    used 5195K, committed 5440K, reserved 1048576K
}
Event: 2641.608 GC heap after
{Heap after GC invocations=262 (full 250):
 garbage-first heap   total 89088K, used 24840K [0x00000000c0000000, 0x0000000100000000)
  region size 1024K, 0 young (0K), 0 survivors (0K)
 Metaspace       used 39300K, committed 39936K, reserved 1114112K
  class space    used 5195K, committed 5440K, reserved 1048576K
}
Event: 2651.829 GC heap before
{Heap before GC invocations=262 (full 250):
 garbage-first heap   total 89088K, used 24840K [0x00000000c0000000, 0x0000000100000000)
  region size 1024K, 1 young (1024K), 0 survivors (0K)
 Metaspace       used 39300K, committed 39936K, reserved 1114112K
  class space    used 5195K, committed 5440K, reserved 1048576K
}
Event: 2651.860 GC heap after
{Heap after GC invocations=263 (full 251):
 garbage-first heap   total 89088K, used 24840K [0x00000000c0000000, 0x0000000100000000)
  region size 1024K, 0 young (0K), 0 survivors (0K)
 Metaspace       used 39300K, committed 39936K, reserved 1114112K
  class space    used 5195K, committed 5440K, reserved 1048576K
}
Event: 2662.059 GC heap before
{Heap before GC invocations=263 (full 251):
 garbage-first heap   total 89088K, used 24840K [0x00000000c0000000, 0x0000000100000000)
  region size 1024K, 1 young (1024K), 0 survivors (0K)
 Metaspace       used 39300K, committed 39936K, reserved 1114112K
  class space    used 5195K, committed 5440K, reserved 1048576K
}
Event: 2662.094 GC heap after
{Heap after GC invocations=264 (full 252):
 garbage-first heap   total 89088K, used 24840K [0x00000000c0000000, 0x0000000100000000)
  region size 1024K, 0 young (0K), 0 survivors (0K)
 Metaspace       used 39300K, committed 39936K, reserved 1114112K
  class space    used 5195K, committed 5440K, reserved 1048576K
}
Event: 2672.284 GC heap before
{Heap before GC invocations=264 (full 252):
 garbage-first heap   total 89088K, used 24840K [0x00000000c0000000, 0x0000000100000000)
  region size 1024K, 1 young (1024K), 0 survivors (0K)
 Metaspace       used 39300K, committed 39936K, reserved 1114112K
  class space    used 5195K, committed 5440K, reserved 1048576K
}
Event: 2672.325 GC heap after
{Heap after GC invocations=265 (full 253):
 garbage-first heap   total 89088K, used 24841K [0x00000000c0000000, 0x0000000100000000)
  region size 1024K, 0 young (0K), 0 survivors (0K)
 Metaspace       used 39300K, committed 39936K, reserved 1114112K
  class space    used 5195K, committed 5440K, reserved 1048576K
}
Event: 2682.526 GC heap before
{Heap before GC invocations=265 (full 253):
 garbage-first heap   total 89088K, used 24841K [0x00000000c0000000, 0x0000000100000000)
  region size 1024K, 1 young (1024K), 0 survivors (0K)
 Metaspace       used 39300K, committed 39936K, reserved 1114112K
  class space    used 5195K, committed 5440K, reserved 1048576K
}
Event: 2682.564 GC heap after
{Heap after GC invocations=266 (full 254):
 garbage-first heap   total 89088K, used 24832K [0x00000000c0000000, 0x0000000100000000)
  region size 1024K, 0 young (0K), 0 survivors (0K)
 Metaspace       used 39300K, committed 39936K, reserved 1114112K
  class space    used 5195K, committed 5440K, reserved 1048576K
}
Event: 2692.819 GC heap before
{Heap before GC invocations=266 (full 254):
 garbage-first heap   total 89088K, used 24832K [0x00000000c0000000, 0x0000000100000000)
  region size 1024K, 1 young (1024K), 0 survivors (0K)
 Metaspace       used 39300K, committed 39936K, reserved 1114112K
  class space    used 5195K, committed 5440K, reserved 1048576K
}
Event: 2692.859 GC heap after
{Heap after GC invocations=267 (full 255):
 garbage-first heap   total 89088K, used 24832K [0x00000000c0000000, 0x0000000100000000)
  region size 1024K, 0 young (0K), 0 survivors (0K)
 Metaspace       used 39300K, committed 39936K, reserved 1114112K
  class space    used 5195K, committed 5440K, reserved 1048576K
}
Event: 2703.040 GC heap before
{Heap before GC invocations=267 (full 255):
 garbage-first heap   total 89088K, used 24832K [0x00000000c0000000, 0x0000000100000000)
  region size 1024K, 1 young (1024K), 0 survivors (0K)
 Metaspace       used 39300K, committed 39936K, reserved 1114112K
  class space    used 5195K, committed 5440K, reserved 1048576K
}
Event: 2703.075 GC heap after
{Heap after GC invocations=268 (full 256):
 garbage-first heap   total 89088K, used 24832K [0x00000000c0000000, 0x0000000100000000)
  region size 1024K, 0 young (0K), 0 survivors (0K)
 Metaspace       used 39300K, committed 39936K, reserved 1114112K
  class space    used 5195K, committed 5440K, reserved 1048576K
}
Event: 2713.372 GC heap before
{Heap before GC invocations=268 (full 256):
 garbage-first heap   total 89088K, used 24832K [0x00000000c0000000, 0x0000000100000000)
  region size 1024K, 1 young (1024K), 0 survivors (0K)
 Metaspace       used 39300K, committed 39936K, reserved 1114112K
  class space    used 5195K, committed 5440K, reserved 1048576K
}
Event: 2713.400 GC heap after
{Heap after GC invocations=269 (full 257):
 garbage-first heap   total 89088K, used 24832K [0x00000000c0000000, 0x0000000100000000)
  region size 1024K, 0 young (0K), 0 survivors (0K)
 Metaspace       used 39300K, committed 39936K, reserved 1114112K
  class space    used 5195K, committed 5440K, reserved 1048576K
}
Event: 2723.836 GC heap before
{Heap before GC invocations=269 (full 257):
 garbage-first heap   total 89088K, used 24832K [0x00000000c0000000, 0x0000000100000000)
  region size 1024K, 1 young (1024K), 0 survivors (0K)
 Metaspace       used 39300K, committed 39936K, reserved 1114112K
  class space    used 5195K, committed 5440K, reserved 1048576K
}
Event: 2723.881 GC heap after
{Heap after GC invocations=270 (full 258):
 garbage-first heap   total 89088K, used 24832K [0x00000000c0000000, 0x0000000100000000)
  region size 1024K, 0 young (0K), 0 survivors (0K)
 Metaspace       used 39300K, committed 39936K, reserved 1114112K
  class space    used 5195K, committed 5440K, reserved 1048576K
}
Event: 2734.240 GC heap before
{Heap before GC invocations=270 (full 258):
 garbage-first heap   total 89088K, used 24832K [0x00000000c0000000, 0x0000000100000000)
  region size 1024K, 1 young (1024K), 0 survivors (0K)
 Metaspace       used 39300K, committed 39936K, reserved 1114112K
  class space    used 5195K, committed 5440K, reserved 1048576K
}
Event: 2734.282 GC heap after
{Heap after GC invocations=271 (full 259):
 garbage-first heap   total 89088K, used 24832K [0x00000000c0000000, 0x0000000100000000)
  region size 1024K, 0 young (0K), 0 survivors (0K)
 Metaspace       used 39300K, committed 39936K, reserved 1114112K
  class space    used 5195K, committed 5440K, reserved 1048576K
}

