# JRE version: OpenJDK Runtime Environment Temurin-17.0.11+9 (17.0.11+9) (build 17.0.11+9)
# Java VM: OpenJDK 64-Bit Server VM Temurin-17.0.11+9 (17.0.11+9, mixed mode, emulated-client, tiered, compressed oops, compressed class ptrs, g1 gc, windows-amd64)
GC Precious Log:
 CPUs: 4 total, 4 available
 Memory: 3996M
 Large Page Support: Disabled
 NUMA Support: Disabled
 Compressed Oops: Enabled (32-bit)
 Heap Region Size: 1M
 Heap Min Capacity: 8M
 Heap Initial Capacity: 64M
 Heap Max Capacity: 1G
 Pre-touch: Disabled
 Parallel Workers: 4
 Concurrent Workers: 1
 Concurrent Refinement Workers: 4
 Periodic GC: Disabled
Heap:
 garbage-first heap   total 86016K, used 24811K [0x00000000c0000000, 0x0000000100000000)
  region size 1024K, 1 young (1024K), 0 survivors (0K)
 Metaspace       used 39371K, committed 39872K, reserved 1114112K
  class space    used 5219K, committed 5440K, reserved 1048576K
GC Heap History (20 events):
Event: 70494.472 GC heap before
{Heap before GC invocations=1659 (full 1647):
 garbage-first heap   total 86016K, used 24811K [0x00000000c0000000, 0x0000000100000000)
  region size 1024K, 1 young (1024K), 0 survivors (0K)
 Metaspace       used 39371K, committed 39872K, reserved 1114112K
  class space    used 5219K, committed 5440K, reserved 1048576K
}
Event: 70494.531 GC heap after
{Heap after GC invocations=1660 (full 1648):
 garbage-first heap   total 86016K, used 24811K [0x00000000c0000000, 0x0000000100000000)
  region size 1024K, 0 young (0K), 0 survivors (0K)
 Metaspace       used 39371K, committed 39872K, reserved 1114112K
  class space    used 5219K, committed 5440K, reserved 1048576K
}
Event: 70504.819 GC heap before
{Heap before GC invocations=1660 (full 1648):
 garbage-first heap   total 86016K, used 24811K [0x00000000c0000000, 0x0000000100000000)
  region size 1024K, 1 young (1024K), 0 survivors (0K)
 Metaspace       used 39371K, committed 39872K, reserved 1114112K
  class space    used 5219K, committed 5440K, reserved 1048576K
}
Event: 70504.868 GC heap after
{Heap after GC invocations=1661 (full 1649):
 garbage-first heap   total 86016K, used 24811K [0x00000000c0000000, 0x0000000100000000)
  region size 1024K, 0 young (0K), 0 survivors (0K)
 Metaspace       used 39371K, committed 39872K, reserved 1114112K
  class space    used 5219K, committed 5440K, reserved 1048576K
}
Event: 70515.270 GC heap before
{Heap before GC invocations=1661 (full 1649):
 garbage-first heap   total 86016K, used 24811K [0x00000000c0000000, 0x0000000100000000)
  region size 1024K, 1 young (1024K), 0 survivors (0K)
 Metaspace       used 39371K, committed 39872K, reserved 1114112K
  class space    used 5219K, committed 5440K, reserved 1048576K
}
Event: 70515.324 GC heap after
{Heap after GC invocations=1662 (full 1650):
 garbage-first heap   total 86016K, used 24811K [0x00000000c0000000, 0x0000000100000000)
  region size 1024K, 0 young (0K), 0 survivors (0K)
 Metaspace       used 39371K, committed 39872K, reserved 1114112K
  class space    used 5219K, committed 5440K, reserved 1048576K
}
Event: 70525.671 GC heap before
{Heap before GC invocations=1662 (full 1650):
 garbage-first heap   total 86016K, used 24811K [0x00000000c0000000, 0x0000000100000000)
  region size 1024K, 1 young (1024K), 0 survivors (0K)
 Metaspace       used 39371K, committed 39872K, reserved 1114112K
  class space    used 5219K, committed 5440K, reserved 1048576K
}
Event: 70525.719 GC heap after
{Heap after GC invocations=1663 (full 1651):
 garbage-first heap   total 86016K, used 24811K [0x00000000c0000000, 0x0000000100000000)
  region size 1024K, 0 young (0K), 0 survivors (0K)
 Metaspace       used 39371K, committed 39872K, reserved 1114112K
  class space    used 5219K, committed 5440K, reserved 1048576K
}
Event: 70536.013 GC heap before
{Heap before GC invocations=1663 (full 1651):
 garbage-first heap   total 86016K, used 24811K [0x00000000c0000000, 0x0000000100000000)
  region size 1024K, 1 young (1024K), 0 survivors (0K)
 Metaspace       used 39371K, committed 39872K, reserved 1114112K
  class space    used 5219K, committed 5440K, reserved 1048576K
}
Event: 70536.054 GC heap after
{Heap after GC invocations=1664 (full 1652):
 garbage-first heap   total 86016K, used 24811K [0x00000000c0000000, 0x0000000100000000)
  region size 1024K, 0 young (0K), 0 survivors (0K)
 Metaspace       used 39371K, committed 39872K, reserved 1114112K
  class space    used 5219K, committed 5440K, reserved 1048576K
}
Event: 70546.324 GC heap before
{Heap before GC invocations=1664 (full 1652):
 garbage-first heap   total 86016K, used 24811K [0x00000000c0000000, 0x0000000100000000)
  region size 1024K, 1 young (1024K), 0 survivors (0K)
 Metaspace       used 39371K, committed 39872K, reserved 1114112K
  class space    used 5219K, committed 5440K, reserved 1048576K
}
Event: 70546.356 GC heap after
{Heap after GC invocations=1665 (full 1653):
 garbage-first heap   total 86016K, used 24811K [0x00000000c0000000, 0x0000000100000000)
  region size 1024K, 0 young (0K), 0 survivors (0K)
 Metaspace       used 39371K, committed 39872K, reserved 1114112K
  class space    used 5219K, committed 5440K, reserved 1048576K
}
Event: 70556.691 GC heap before
{Heap before GC invocations=1665 (full 1653):
 garbage-first heap   total 86016K, used 24811K [0x00000000c0000000, 0x0000000100000000)
  region size 1024K, 1 young (1024K), 0 survivors (0K)
 Metaspace       used 39371K, committed 39872K, reserved 1114112K
  class space    used 5219K, committed 5440K, reserved 1048576K
}
Event: 70556.743 GC heap after
{Heap after GC invocations=1666 (full 1654):
 garbage-first heap   total 86016K, used 24811K [0x00000000c0000000, 0x0000000100000000)
  region size 1024K, 0 young (0K), 0 survivors (0K)
 Metaspace       used 39371K, committed 39872K, reserved 1114112K
  class space    used 5219K, committed 5440K, reserved 1048576K
}
Event: 70567.058 GC heap before
{Heap before GC invocations=1666 (full 1654):
 garbage-first heap   total 86016K, used 24811K [0x00000000c0000000, 0x0000000100000000)
  region size 1024K, 1 young (1024K), 0 survivors (0K)
 Metaspace       used 39371K, committed 39872K, reserved 1114112K
  class space    used 5219K, committed 5440K, reserved 1048576K
}
Event: 70567.105 GC heap after
{Heap after GC invocations=1667 (full 1655):
 garbage-first heap   total 86016K, used 24811K [0x00000000c0000000, 0x0000000100000000)
  region size 1024K, 0 young (0K), 0 survivors (0K)
 Metaspace       used 39371K, committed 39872K, reserved 1114112K
  class space    used 5219K, committed 5440K, reserved 1048576K
}
Event: 70577.451 GC heap before
{Heap before GC invocations=1667 (full 1655):
 garbage-first heap   total 86016K, used 24811K [0x00000000c0000000, 0x0000000100000000)
  region size 1024K, 1 young (1024K), 0 survivors (0K)
 Metaspace       used 39371K, committed 39872K, reserved 1114112K
  class space    used 5219K, committed 5440K, reserved 1048576K
}
Event: 70577.507 GC heap after
{Heap after GC invocations=1668 (full 1656):
 garbage-first heap   total 86016K, used 24811K [0x00000000c0000000, 0x0000000100000000)
  region size 1024K, 0 young (0K), 0 survivors (0K)
 Metaspace       used 39371K, committed 39872K, reserved 1114112K
  class space    used 5219K, committed 5440K, reserved 1048576K
}
Event: 70587.857 GC heap before
{Heap before GC invocations=1668 (full 1656):
 garbage-first heap   total 86016K, used 24811K [0x00000000c0000000, 0x0000000100000000)
  region size 1024K, 1 young (1024K), 0 survivors (0K)
 Metaspace       used 39371K, committed 39872K, reserved 1114112K
  class space    used 5219K, committed 5440K, reserved 1048576K
}
Event: 70587.906 GC heap after
{Heap after GC invocations=1669 (full 1657):
 garbage-first heap   total 86016K, used 24811K [0x00000000c0000000, 0x0000000100000000)
  region size 1024K, 0 young (0K), 0 survivors (0K)
 Metaspace       used 39371K, committed 39872K, reserved 1114112K
  class space    used 5219K, committed 5440K, reserved 1048576K
}

