# JRE version: OpenJDK Runtime Environment Temurin-17.0.12+7 (17.0.12+7) (build 17.0.12+7)
# Java VM: OpenJDK 64-Bit Server VM Temurin-17.0.12+7 (17.0.12+7, mixed mode, emulated-client, tiered, compressed oops, compressed class ptrs, g1 gc, windows-amd64)
GC Precious Log:
 CPUs: 4 total, 4 available
 Memory: 3996M
 Large Page Support: Disabled
 NUMA Support: Disabled
 Compressed Oops: Enabled (32-bit)
 Heap Region Size: 1M
 Heap Min Capacity: 8M
 Heap Initial Capacity: 64M
 Heap Max Capacity: 1G
 Pre-touch: Disabled
 Parallel Workers: 4
 Concurrent Workers: 1
 Concurrent Refinement Workers: 4
 Periodic GC: Disabled
Heap:
 garbage-first heap   total 65536K, used 27091K [0x00000000c0000000, 0x0000000100000000)
  region size 1024K, 1 young (1024K), 0 survivors (0K)
 Metaspace       used 49926K, committed 50624K, reserved 1114112K
  class space    used 6269K, committed 6528K, reserved 1048576K
GC Heap History (20 events):
Event: 16361.745 GC heap after
{Heap after GC invocations=834 (full 818):
 garbage-first heap   total 65536K, used 27091K [0x00000000c0000000, 0x0000000100000000)
  region size 1024K, 0 young (0K), 0 survivors (0K)
 Metaspace       used 49926K, committed 50624K, reserved 1114112K
  class space    used 6269K, committed 6528K, reserved 1048576K
}
Event: 16372.058 GC heap before
{Heap before GC invocations=834 (full 818):
 garbage-first heap   total 65536K, used 27091K [0x00000000c0000000, 0x0000000100000000)
  region size 1024K, 1 young (1024K), 0 survivors (0K)
 Metaspace       used 49926K, committed 50624K, reserved 1114112K
  class space    used 6269K, committed 6528K, reserved 1048576K
}
Event: 16372.104 GC heap after
{Heap after GC invocations=835 (full 819):
 garbage-first heap   total 65536K, used 27091K [0x00000000c0000000, 0x0000000100000000)
  region size 1024K, 0 young (0K), 0 survivors (0K)
 Metaspace       used 49926K, committed 50624K, reserved 1114112K
  class space    used 6269K, committed 6528K, reserved 1048576K
}
Event: 16382.470 GC heap before
{Heap before GC invocations=835 (full 819):
 garbage-first heap   total 65536K, used 27091K [0x00000000c0000000, 0x0000000100000000)
  region size 1024K, 1 young (1024K), 0 survivors (0K)
 Metaspace       used 49926K, committed 50624K, reserved 1114112K
  class space    used 6269K, committed 6528K, reserved 1048576K
}
Event: 16382.511 GC heap after
{Heap after GC invocations=836 (full 820):
 garbage-first heap   total 65536K, used 27091K [0x00000000c0000000, 0x0000000100000000)
  region size 1024K, 0 young (0K), 0 survivors (0K)
 Metaspace       used 49926K, committed 50624K, reserved 1114112K
  class space    used 6269K, committed 6528K, reserved 1048576K
}
Event: 16392.856 GC heap before
{Heap before GC invocations=836 (full 820):
 garbage-first heap   total 65536K, used 27091K [0x00000000c0000000, 0x0000000100000000)
  region size 1024K, 1 young (1024K), 0 survivors (0K)
 Metaspace       used 49926K, committed 50624K, reserved 1114112K
  class space    used 6269K, committed 6528K, reserved 1048576K
}
Event: 16392.917 GC heap after
{Heap after GC invocations=837 (full 821):
 garbage-first heap   total 65536K, used 27091K [0x00000000c0000000, 0x0000000100000000)
  region size 1024K, 0 young (0K), 0 survivors (0K)
 Metaspace       used 49926K, committed 50624K, reserved 1114112K
  class space    used 6269K, committed 6528K, reserved 1048576K
}
Event: 16403.148 GC heap before
{Heap before GC invocations=837 (full 821):
 garbage-first heap   total 65536K, used 27091K [0x00000000c0000000, 0x0000000100000000)
  region size 1024K, 1 young (1024K), 0 survivors (0K)
 Metaspace       used 49926K, committed 50624K, reserved 1114112K
  class space    used 6269K, committed 6528K, reserved 1048576K
}
Event: 16403.196 GC heap after
{Heap after GC invocations=838 (full 822):
 garbage-first heap   total 65536K, used 27091K [0x00000000c0000000, 0x0000000100000000)
  region size 1024K, 0 young (0K), 0 survivors (0K)
 Metaspace       used 49926K, committed 50624K, reserved 1114112K
  class space    used 6269K, committed 6528K, reserved 1048576K
}
Event: 16413.482 GC heap before
{Heap before GC invocations=838 (full 822):
 garbage-first heap   total 65536K, used 27091K [0x00000000c0000000, 0x0000000100000000)
  region size 1024K, 1 young (1024K), 0 survivors (0K)
 Metaspace       used 49926K, committed 50624K, reserved 1114112K
  class space    used 6269K, committed 6528K, reserved 1048576K
}
Event: 16413.532 GC heap after
{Heap after GC invocations=839 (full 823):
 garbage-first heap   total 65536K, used 27091K [0x00000000c0000000, 0x0000000100000000)
  region size 1024K, 0 young (0K), 0 survivors (0K)
 Metaspace       used 49926K, committed 50624K, reserved 1114112K
  class space    used 6269K, committed 6528K, reserved 1048576K
}
Event: 16423.737 GC heap before
{Heap before GC invocations=839 (full 823):
 garbage-first heap   total 65536K, used 27091K [0x00000000c0000000, 0x0000000100000000)
  region size 1024K, 1 young (1024K), 0 survivors (0K)
 Metaspace       used 49926K, committed 50624K, reserved 1114112K
  class space    used 6269K, committed 6528K, reserved 1048576K
}
Event: 16423.778 GC heap after
{Heap after GC invocations=840 (full 824):
 garbage-first heap   total 65536K, used 27091K [0x00000000c0000000, 0x0000000100000000)
  region size 1024K, 0 young (0K), 0 survivors (0K)
 Metaspace       used 49926K, committed 50624K, reserved 1114112K
  class space    used 6269K, committed 6528K, reserved 1048576K
}
Event: 16434.032 GC heap before
{Heap before GC invocations=840 (full 824):
 garbage-first heap   total 65536K, used 27091K [0x00000000c0000000, 0x0000000100000000)
  region size 1024K, 1 young (1024K), 0 survivors (0K)
 Metaspace       used 49926K, committed 50624K, reserved 1114112K
  class space    used 6269K, committed 6528K, reserved 1048576K
}
Event: 16434.085 GC heap after
{Heap after GC invocations=841 (full 825):
 garbage-first heap   total 65536K, used 27091K [0x00000000c0000000, 0x0000000100000000)
  region size 1024K, 0 young (0K), 0 survivors (0K)
 Metaspace       used 49926K, committed 50624K, reserved 1114112K
  class space    used 6269K, committed 6528K, reserved 1048576K
}
Event: 16447.158 GC heap before
{Heap before GC invocations=841 (full 825):
 garbage-first heap   total 65536K, used 27091K [0x00000000c0000000, 0x0000000100000000)
  region size 1024K, 1 young (1024K), 0 survivors (0K)
 Metaspace       used 49926K, committed 50624K, reserved 1114112K
  class space    used 6269K, committed 6528K, reserved 1048576K
}
Event: 16447.232 GC heap after
{Heap after GC invocations=842 (full 826):
 garbage-first heap   total 65536K, used 27091K [0x00000000c0000000, 0x0000000100000000)
  region size 1024K, 0 young (0K), 0 survivors (0K)
 Metaspace       used 49926K, committed 50624K, reserved 1114112K
  class space    used 6269K, committed 6528K, reserved 1048576K
}
Event: 16457.628 GC heap before
{Heap before GC invocations=842 (full 826):
 garbage-first heap   total 65536K, used 27091K [0x00000000c0000000, 0x0000000100000000)
  region size 1024K, 1 young (1024K), 0 survivors (0K)
 Metaspace       used 49926K, committed 50624K, reserved 1114112K
  class space    used 6269K, committed 6528K, reserved 1048576K
}
Event: 16457.690 GC heap after
{Heap after GC invocations=843 (full 827):
 garbage-first heap   total 65536K, used 27091K [0x00000000c0000000, 0x0000000100000000)
  region size 1024K, 0 young (0K), 0 survivors (0K)
 Metaspace       used 49926K, committed 50624K, reserved 1114112K
  class space    used 6269K, committed 6528K, reserved 1048576K
}
Event: 16468.763 GC heap before
{Heap before GC invocations=843 (full 827):
 garbage-first heap   total 65536K, used 27091K [0x00000000c0000000, 0x0000000100000000)
  region size 1024K, 1 young (1024K), 0 survivors (0K)
 Metaspace       used 49926K, committed 50624K, reserved 1114112K
  class space    used 6269K, committed 6528K, reserved 1048576K
}

